2026-03-12T12:39:08.574Z INFO    lightningd: Creating configuration directory /data/lightning5/regtest
2026-03-12T12:39:08.592Z INFO    plugin-clnrest.py: Killing plugin: disabled itself: No module named 'gunicorn'
2026-03-12T12:39:08.596Z INFO    lightningd: Creating database
2026-03-12T12:39:08.630Z UNUSUAL hsmd: HSM: created new hsm_secret file
2026-03-12T12:39:08.643Z INFO    plugin-bcli: bitcoin-cli initialized and connected to bitcoind.
2026-03-12T12:39:08.659Z INFO    plugin-chanbackup: Creating Emergency Recovery
2026-03-12T12:39:08.663Z INFO    plugin-bookkeeper: Creating database
2026-03-12T12:39:08.664Z INFO    lightningd: --------------------------------------------------
2026-03-12T12:39:08.664Z INFO    lightningd: Server started with public key 035da860e75d229c15db9568275b020d2b078517f9078209d1deeaf034b5721844, alias BLUECALENDAR (color #035da8) and lightningd v23.08.1
2026-03-12T12:39:08.766Z INFO    plugin-bookkeeper: account wallet not found, adding along with new balance




2026-03-12T12:57:10.812Z INFO    plugin-clnrest.py: Killing plugin: disabled itself: No module named 'gunicorn'
2026-03-12T12:57:10.823Z INFO    plugin-bcli: bitcoin-cli initialized and connected to bitcoind.
2026-03-12T12:57:10.832Z INFO    lightningd: --------------------------------------------------
2026-03-12T12:57:10.832Z INFO    lightningd: Server started with public key 035da860e75d229c15db9568275b020d2b078517f9078209d1deeaf034b5721844, alias BLUECALENDAR (color #035da8) and lightningd v23.08.1
2026-03-12T12:57:10.899Z UNUSUAL plugin-bookkeeper: Snapshot balance does not equal ondisk reported 0msat, off by (+0msat/-0msat) (account wallet) Logging journal entry.




2026-03-12T16:58:07.686Z INFO    plugin-clnrest.py: Killing plugin: disabled itself: No module named 'gunicorn'
2026-03-12T16:58:07.699Z INFO    plugin-bcli: bitcoin-cli initialized and connected to bitcoind.
2026-03-12T16:58:07.708Z INFO    lightningd: --------------------------------------------------
2026-03-12T16:58:07.708Z INFO    lightningd: Server started with public key 035da860e75d229c15db9568275b020d2b078517f9078209d1deeaf034b5721844, alias BLUECALENDAR (color #035da8) and lightningd v23.08.1
2026-03-12T16:58:07.788Z UNUSUAL plugin-bookkeeper: Snapshot balance does not equal ondisk reported 0msat, off by (+0msat/-0msat) (account wallet) Logging journal entry.




2026-03-12T17:11:19.746Z INFO    plugin-clnrest.py: Killing plugin: disabled itself: No module named 'gunicorn'
2026-03-12T17:11:19.757Z INFO    plugin-bcli: bitcoin-cli initialized and connected to bitcoind.
2026-03-12T17:11:19.765Z INFO    lightningd: --------------------------------------------------
2026-03-12T17:11:19.765Z INFO    lightningd: Server started with public key 035da860e75d229c15db9568275b020d2b078517f9078209d1deeaf034b5721844, alias BLUECALENDAR (color #035da8) and lightningd v23.08.1
2026-03-12T17:11:19.842Z UNUSUAL plugin-bookkeeper: Snapshot balance does not equal ondisk reported 0msat, off by (+0msat/-0msat) (account wallet) Logging journal entry.




2026-03-12T17:11:51.546Z INFO    plugin-clnrest.py: Killing plugin: disabled itself: No module named 'gunicorn'
2026-03-12T17:11:51.556Z INFO    plugin-bcli: bitcoin-cli initialized and connected to bitcoind.
2026-03-12T17:11:51.565Z INFO    lightningd: --------------------------------------------------
2026-03-12T17:11:51.566Z INFO    lightningd: Server started with public key 035da860e75d229c15db9568275b020d2b078517f9078209d1deeaf034b5721844, alias BLUECALENDAR (color #035da8) and lightningd v23.08.1
2026-03-12T17:11:51.645Z UNUSUAL plugin-bookkeeper: Snapshot balance does not equal ondisk reported 0msat, off by (+0msat/-0msat) (account wallet) Logging journal entry.
