2026-03-12T12:39:08.272Z INFO    lightningd: Creating configuration directory /data/lightning4/regtest
2026-03-12T12:39:08.307Z INFO    plugin-clnrest.py: Killing plugin: disabled itself: No module named 'gunicorn'
2026-03-12T12:39:08.323Z INFO    lightningd: Creating database
2026-03-12T12:39:08.349Z UNUSUAL hsmd: HSM: created new hsm_secret file
2026-03-12T12:39:08.503Z INFO    plugin-bcli: bitcoin-cli initialized and connected to bitcoind.
2026-03-12T12:39:08.516Z INFO    plugin-chanbackup: Creating Emergency Recovery
2026-03-12T12:39:08.518Z INFO    plugin-bookkeeper: Creating database
2026-03-12T12:39:08.518Z INFO    lightningd: --------------------------------------------------
2026-03-12T12:39:08.518Z INFO    lightningd: Server started with public key 03f7fa3625a3ba256e9d27a5bb642365e83f5745c82ece778aa701d48f17f66ee2, alias GREENMONKEY (color #03f7fa) and lightningd v23.08.1
2026-03-12T12:39:08.603Z INFO    plugin-bookkeeper: account wallet not found, adding along with new balance




2026-03-12T12:51:45.798Z INFO    plugin-clnrest.py: Killing plugin: disabled itself: No module named 'gunicorn'
2026-03-12T12:51:45.821Z INFO    plugin-bcli: bitcoin-cli initialized and connected to bitcoind.




2026-03-12T12:52:55.965Z INFO    plugin-clnrest.py: Killing plugin: disabled itself: No module named 'gunicorn'
2026-03-12T12:52:55.978Z INFO    plugin-bcli: bitcoin-cli initialized and connected to bitcoind.




2026-03-12T12:54:31.274Z INFO    plugin-clnrest.py: Killing plugin: disabled itself: No module named 'gunicorn'
2026-03-12T12:54:31.284Z INFO    plugin-bcli: bitcoin-cli initialized and connected to bitcoind.




2026-03-12T12:57:10.702Z INFO    plugin-clnrest.py: Killing plugin: disabled itself: No module named 'gunicorn'
2026-03-12T12:57:10.713Z INFO    plugin-bcli: bitcoin-cli initialized and connected to bitcoind.
2026-03-12T12:57:10.722Z INFO    lightningd: --------------------------------------------------
2026-03-12T12:57:10.722Z INFO    lightningd: Server started with public key 03f7fa3625a3ba256e9d27a5bb642365e83f5745c82ece778aa701d48f17f66ee2, alias GREENMONKEY (color #03f7fa) and lightningd v23.08.1
2026-03-12T12:57:10.827Z UNUSUAL plugin-bookkeeper: Snapshot balance does not equal ondisk reported 0msat, off by (+0msat/-0msat) (account wallet) Logging journal entry.




2026-03-12T16:58:07.571Z INFO    plugin-clnrest.py: Killing plugin: disabled itself: No module named 'gunicorn'
2026-03-12T16:58:07.596Z INFO    plugin-bcli: bitcoin-cli initialized and connected to bitcoind.
2026-03-12T16:58:07.610Z INFO    lightningd: --------------------------------------------------
2026-03-12T16:58:07.610Z INFO    lightningd: Server started with public key 03f7fa3625a3ba256e9d27a5bb642365e83f5745c82ece778aa701d48f17f66ee2, alias GREENMONKEY (color #03f7fa) and lightningd v23.08.1
2026-03-12T16:58:07.695Z UNUSUAL plugin-bookkeeper: Snapshot balance does not equal ondisk reported 0msat, off by (+0msat/-0msat) (account wallet) Logging journal entry.




2026-03-12T17:11:19.634Z INFO    plugin-clnrest.py: Killing plugin: disabled itself: No module named 'gunicorn'
2026-03-12T17:11:19.661Z INFO    plugin-bcli: bitcoin-cli initialized and connected to bitcoind.
2026-03-12T17:11:19.672Z INFO    lightningd: --------------------------------------------------
2026-03-12T17:11:19.672Z INFO    lightningd: Server started with public key 03f7fa3625a3ba256e9d27a5bb642365e83f5745c82ece778aa701d48f17f66ee2, alias GREENMONKEY (color #03f7fa) and lightningd v23.08.1
2026-03-12T17:11:19.746Z UNUSUAL plugin-bookkeeper: Snapshot balance does not equal ondisk reported 0msat, off by (+0msat/-0msat) (account wallet) Logging journal entry.




2026-03-12T17:11:51.460Z INFO    plugin-clnrest.py: Killing plugin: disabled itself: No module named 'gunicorn'
2026-03-12T17:11:51.471Z INFO    plugin-bcli: bitcoin-cli initialized and connected to bitcoind.
2026-03-12T17:11:51.480Z INFO    lightningd: --------------------------------------------------
2026-03-12T17:11:51.480Z INFO    lightningd: Server started with public key 03f7fa3625a3ba256e9d27a5bb642365e83f5745c82ece778aa701d48f17f66ee2, alias GREENMONKEY (color #03f7fa) and lightningd v23.08.1
2026-03-12T17:11:51.547Z UNUSUAL plugin-bookkeeper: Snapshot balance does not equal ondisk reported 0msat, off by (+0msat/-0msat) (account wallet) Logging journal entry.
