2026-03-12T12:39:08.719Z INFO    lightningd: Creating configuration directory /data/lightning6/regtest
2026-03-12T12:39:08.736Z INFO    plugin-clnrest.py: Killing plugin: disabled itself: No module named 'gunicorn'
2026-03-12T12:39:08.740Z INFO    lightningd: Creating database
2026-03-12T12:39:08.771Z UNUSUAL hsmd: HSM: created new hsm_secret file
2026-03-12T12:39:08.777Z INFO    plugin-bcli: bitcoin-cli initialized and connected to bitcoind.
2026-03-12T12:39:08.784Z INFO    plugin-chanbackup: Creating Emergency Recovery
2026-03-12T12:39:08.786Z INFO    plugin-bookkeeper: Creating database
2026-03-12T12:39:08.786Z INFO    lightningd: --------------------------------------------------
2026-03-12T12:39:08.786Z INFO    lightningd: Server started with public key 020f5e4497ab169038fabcdba2868c24f5cf739d37bbd146dffad0c510ab4f81dc, alias WRONGSUCKER (color #020f5e) and lightningd v23.08.1
2026-03-12T12:39:08.868Z INFO    plugin-bookkeeper: account wallet not found, adding along with new balance




2026-03-12T12:57:10.891Z INFO    plugin-clnrest.py: Killing plugin: disabled itself: No module named 'gunicorn'
2026-03-12T12:57:10.902Z INFO    plugin-bcli: bitcoin-cli initialized and connected to bitcoind.
2026-03-12T12:57:10.910Z INFO    lightningd: --------------------------------------------------
2026-03-12T12:57:10.910Z INFO    lightningd: Server started with public key 020f5e4497ab169038fabcdba2868c24f5cf739d37bbd146dffad0c510ab4f81dc, alias WRONGSUCKER (color #020f5e) and lightningd v23.08.1
2026-03-12T12:57:10.984Z UNUSUAL plugin-bookkeeper: Snapshot balance does not equal ondisk reported 0msat, off by (+0msat/-0msat) (account wallet) Logging journal entry.




2026-03-12T16:58:07.773Z INFO    plugin-clnrest.py: Killing plugin: disabled itself: No module named 'gunicorn'
2026-03-12T16:58:07.784Z INFO    plugin-bcli: bitcoin-cli initialized and connected to bitcoind.
2026-03-12T16:58:07.794Z INFO    lightningd: --------------------------------------------------
2026-03-12T16:58:07.794Z INFO    lightningd: Server started with public key 020f5e4497ab169038fabcdba2868c24f5cf739d37bbd146dffad0c510ab4f81dc, alias WRONGSUCKER (color #020f5e) and lightningd v23.08.1
2026-03-12T16:58:07.878Z UNUSUAL plugin-bookkeeper: Snapshot balance does not equal ondisk reported 0msat, off by (+0msat/-0msat) (account wallet) Logging journal entry.




2026-03-12T17:11:19.830Z INFO    plugin-clnrest.py: Killing plugin: disabled itself: No module named 'gunicorn'
2026-03-12T17:11:19.842Z INFO    plugin-bcli: bitcoin-cli initialized and connected to bitcoind.
2026-03-12T17:11:19.850Z INFO    lightningd: --------------------------------------------------
2026-03-12T17:11:19.850Z INFO    lightningd: Server started with public key 020f5e4497ab169038fabcdba2868c24f5cf739d37bbd146dffad0c510ab4f81dc, alias WRONGSUCKER (color #020f5e) and lightningd v23.08.1
2026-03-12T17:11:19.930Z UNUSUAL plugin-bookkeeper: Snapshot balance does not equal ondisk reported 0msat, off by (+0msat/-0msat) (account wallet) Logging journal entry.




2026-03-12T17:11:51.630Z INFO    plugin-clnrest.py: Killing plugin: disabled itself: No module named 'gunicorn'
2026-03-12T17:11:51.641Z INFO    plugin-bcli: bitcoin-cli initialized and connected to bitcoind.
2026-03-12T17:11:51.650Z INFO    lightningd: --------------------------------------------------
2026-03-12T17:11:51.650Z INFO    lightningd: Server started with public key 020f5e4497ab169038fabcdba2868c24f5cf739d37bbd146dffad0c510ab4f81dc, alias WRONGSUCKER (color #020f5e) and lightningd v23.08.1
2026-03-12T17:11:51.727Z UNUSUAL plugin-bookkeeper: Snapshot balance does not equal ondisk reported 0msat, off by (+0msat/-0msat) (account wallet) Logging journal entry.
